0 info it worked if it ends with ok
1 verbose cli [ '/usr/bin/node', '/usr/bin/npm', 'install', 'jasonwebtoken' ]
2 info using npm@1.4.28
3 info using node@v0.10.38
4 verbose node symlink /usr/bin/node
5 verbose readDependencies using package.json deps
6 verbose cache add [ 'jasonwebtoken', null ]
7 verbose cache add name=undefined spec="jasonwebtoken" args=["jasonwebtoken",null]
8 verbose parsed url { protocol: null,
8 verbose parsed url   slashes: null,
8 verbose parsed url   auth: null,
8 verbose parsed url   host: null,
8 verbose parsed url   port: null,
8 verbose parsed url   hostname: null,
8 verbose parsed url   hash: null,
8 verbose parsed url   search: null,
8 verbose parsed url   query: null,
8 verbose parsed url   pathname: 'jasonwebtoken',
8 verbose parsed url   path: 'jasonwebtoken',
8 verbose parsed url   href: 'jasonwebtoken' }
9 silly lockFile c2826f2a-jasonwebtoken jasonwebtoken
10 verbose lock jasonwebtoken /root/.npm/c2826f2a-jasonwebtoken.lock
11 silly lockFile c2826f2a-jasonwebtoken jasonwebtoken
12 silly lockFile c2826f2a-jasonwebtoken jasonwebtoken
13 verbose addNamed [ 'jasonwebtoken', '' ]
14 verbose addNamed [ null, '*' ]
15 silly lockFile 17798f7c-jasonwebtoken jasonwebtoken@
16 verbose lock jasonwebtoken@ /root/.npm/17798f7c-jasonwebtoken.lock
17 silly addNameRange { name: 'jasonwebtoken', range: '*', hasData: false }
18 verbose request where is /jasonwebtoken
19 verbose request registry https://registry.npmjs.org/
20 verbose request id 1ebb387c8ca20ae6
21 verbose url raw /jasonwebtoken
22 verbose url resolving [ 'https://registry.npmjs.org/', './jasonwebtoken' ]
23 verbose url resolved https://registry.npmjs.org/jasonwebtoken
24 verbose request where is https://registry.npmjs.org/jasonwebtoken
25 info trying registry request attempt 1 at 16:38:39
26 http GET https://registry.npmjs.org/jasonwebtoken
27 http 404 https://registry.npmjs.org/jasonwebtoken
28 verbose headers { server: 'CouchDB/1.5.0 (Erlang OTP/R16B03)',
28 verbose headers   'content-type': 'application/json',
28 verbose headers   'cache-control': 'max-age=0',
28 verbose headers   'content-length': '51',
28 verbose headers   'accept-ranges': 'bytes',
28 verbose headers   date: 'Tue, 02 Jun 2015 14:38:40 GMT',
28 verbose headers   via: '1.1 varnish',
28 verbose headers   age: '0',
28 verbose headers   connection: 'keep-alive',
28 verbose headers   'x-served-by': 'cache-lhr6335-LHR',
28 verbose headers   'x-cache': 'MISS',
28 verbose headers   'x-cache-hits': '0',
28 verbose headers   'x-timer': 'S1433255920.118162,VS0,VE93' }
29 silly registry.get cb [ 404,
29 silly registry.get   { server: 'CouchDB/1.5.0 (Erlang OTP/R16B03)',
29 silly registry.get     'content-type': 'application/json',
29 silly registry.get     'cache-control': 'max-age=0',
29 silly registry.get     'content-length': '51',
29 silly registry.get     'accept-ranges': 'bytes',
29 silly registry.get     date: 'Tue, 02 Jun 2015 14:38:40 GMT',
29 silly registry.get     via: '1.1 varnish',
29 silly registry.get     age: '0',
29 silly registry.get     connection: 'keep-alive',
29 silly registry.get     'x-served-by': 'cache-lhr6335-LHR',
29 silly registry.get     'x-cache': 'MISS',
29 silly registry.get     'x-cache-hits': '0',
29 silly registry.get     'x-timer': 'S1433255920.118162,VS0,VE93' } ]
30 silly lockFile 17798f7c-jasonwebtoken jasonwebtoken@
31 silly lockFile 17798f7c-jasonwebtoken jasonwebtoken@
32 error 404 404 Not Found: jasonwebtoken
32 error 404
32 error 404 'jasonwebtoken' is not in the npm registry.
32 error 404 You should bug the author to publish it
32 error 404 It was specified as a dependency of 'exerciciExpress'
32 error 404
32 error 404 Note that you can also install from a
32 error 404 tarball, folder, or http url, or git url.
33 error System Linux 3.2.0-4-amd64
34 error command "/usr/bin/node" "/usr/bin/npm" "install" "jasonwebtoken"
35 error cwd /home/marc/Desktop/CommentsBackend
36 error node -v v0.10.38
37 error npm -v 1.4.28
38 error code E404
39 verbose exit [ 1, true ]
